eye-track-front-sophia-branch-new/app/build/intermediates/manifest_merge_blame_file/debug/manifest-merger-blame-debug-report.txt
1<?xml version="1.0" encoding="utf-8"?>
2<manifest xmlns:android="http://schemas.android.com/apk/res/android"
3    package="com.example.eyetracking"
4    android:versionCode="1"
5    android:versionName="1.0" >
6
7    <uses-sdk
8        android:minSdkVersion="24"
9        android:targetSdkVersion="34" />
10
11    <uses-feature
11-->src/main/AndroidManifest.xml:6:5-83
12        android:name="android.hardware.camera"
12-->src/main/AndroidManifest.xml:6:19-57
13        android:required="true" />
13-->src/main/AndroidManifest.xml:6:58-81
14    <uses-feature
14-->src/main/AndroidManifest.xml:7:5-89
15        android:name="android.hardware.camera.front"
15-->src/main/AndroidManifest.xml:7:19-63
16        android:required="true" />
16-->src/main/AndroidManifest.xml:7:64-87
17
18    <uses-permission android:name="android.permission.CAMERA" />
18-->src/main/AndroidManifest.xml:8:5-65
18-->src/main/AndroidManifest.xml:8:22-62
19    <uses-permission android:name="android.permission.RECORD_AUDIO" />
19-->src/main/AndroidManifest.xml:9:5-71
19-->src/main/AndroidManifest.xml:9:22-68
20    <uses-permission android:name="android.permission.INTERNET" />
20-->src/main/AndroidManifest.xml:10:5-67
20-->src/main/AndroidManifest.xml:10:22-64
21    <!-- Include required permissions for Google Maps API to run. -->
22    <uses-permission android:name="android.permission.ACCESS_NETWORK_STATE" />
22-->[com.google.android.gms:play-services-maps:18.0.2] AndroidManifest.xml:23:5-79
22-->[com.google.android.gms:play-services-maps:18.0.2] AndroidManifest.xml:23:22-76
23
24    <uses-feature
24-->[com.google.android.gms:play-services-maps:18.0.2] AndroidManifest.xml:26:5-28:35
25        android:glEsVersion="0x00020000"
25-->[com.google.android.gms:play-services-maps:18.0.2] AndroidManifest.xml:27:9-41
26        android:required="true" />
26-->[com.google.android.gms:play-services-maps:18.0.2] AndroidManifest.xml:28:9-32
27
28    <queries>
28-->[com.google.android.gms:play-services-maps:18.0.2] AndroidManifest.xml:30:5-34:15
29
30        <!-- Needs to be explicitly declared on Android R+ -->
31        <package android:name="com.google.android.apps.maps" />
31-->[com.google.android.gms:play-services-maps:18.0.2] AndroidManifest.xml:33:9-64
31-->[com.google.android.gms:play-services-maps:18.0.2] AndroidManifest.xml:33:18-61
32
33        <intent>
33-->[androidx.camera:camera-extensions:1.0.0-alpha23] AndroidManifest.xml:25:9-27:18
34            <action android:name="androidx.camera.extensions.action.VENDOR_ACTION" />
34-->[androidx.camera:camera-extensions:1.0.0-alpha23] AndroidManifest.xml:26:13-86
34-->[androidx.camera:camera-extensions:1.0.0-alpha23] AndroidManifest.xml:26:21-83
35        </intent>
36    </queries>
37
38    <permission
38-->[androidx.core:core:1.13.0] AndroidManifest.xml:22:5-24:47
39        android:name="com.example.eyetracking.DYNAMIC_RECEIVER_NOT_EXPORTED_PERMISSION"
39-->[androidx.core:core:1.13.0] AndroidManifest.xml:23:9-81
40        android:protectionLevel="signature" />
40-->[androidx.core:core:1.13.0] AndroidManifest.xml:24:9-44
41
42    <uses-permission android:name="com.example.eyetracking.DYNAMIC_RECEIVER_NOT_EXPORTED_PERMISSION" />
42-->[androidx.core:core:1.13.0] AndroidManifest.xml:26:5-97
42-->[androidx.core:core:1.13.0] AndroidManifest.xml:26:22-94
43
44    <application
44-->src/main/AndroidManifest.xml:12:5-47:19
45        android:name="com.example.eyetracking.activity.MyApplication"
45-->src/main/AndroidManifest.xml:13:9-47
46        android:allowBackup="true"
46-->src/main/AndroidManifest.xml:14:9-35
47        android:appComponentFactory="androidx.core.app.CoreComponentFactory"
47-->[androidx.core:core:1.13.0] AndroidManifest.xml:28:18-86
48        android:dataExtractionRules="@xml/data_extraction_rules"
48-->src/main/AndroidManifest.xml:15:9-65
49        android:debuggable="true"
50        android:extractNativeLibs="false"
51        android:fullBackupContent="@xml/backup_rules"
51-->src/main/AndroidManifest.xml:16:9-54
52        android:icon="@mipmap/ic_launcher"
52-->src/main/AndroidManifest.xml:17:9-43
53        android:roundIcon="@drawable/container_calibration"
53-->src/main/AndroidManifest.xml:18:9-60
54        android:supportsRtl="true"
54-->src/main/AndroidManifest.xml:19:9-35
55        android:testOnly="true"
56        android:theme="@style/Theme.EyeTracking" >
56-->src/main/AndroidManifest.xml:20:9-49
57        <activity
57-->src/main/AndroidManifest.xml:23:9-30:20
58            android:name="com.example.eyetracking.activity.StartActivity"
58-->src/main/AndroidManifest.xml:24:13-51
59            android:exported="true" >
59-->src/main/AndroidManifest.xml:25:13-36
60            <intent-filter>
60-->src/main/AndroidManifest.xml:26:13-29:29
61                <action android:name="android.intent.action.MAIN" />
61-->src/main/AndroidManifest.xml:27:17-69
61-->src/main/AndroidManifest.xml:27:25-66
62
63                <category android:name="android.intent.category.LAUNCHER" />
63-->src/main/AndroidManifest.xml:28:17-77
63-->src/main/AndroidManifest.xml:28:27-74
64            </intent-filter>
65        </activity>
66        <activity
66-->src/main/AndroidManifest.xml:32:9-35:53
67            android:name="com.example.eyetracking.activity.VideoChooseActivity"
67-->src/main/AndroidManifest.xml:33:13-57
68            android:exported="true"
68-->src/main/AndroidManifest.xml:34:13-36
69            android:screenOrientation="landscape" />
69-->src/main/AndroidManifest.xml:35:13-50
70        <activity
70-->src/main/AndroidManifest.xml:37:9-88
71            android:name="com.example.eyetracking.activity.AgreementActivity"
71-->src/main/AndroidManifest.xml:37:19-61
72            android:exported="true" />
72-->src/main/AndroidManifest.xml:37:62-85
73        <activity
73-->src/main/AndroidManifest.xml:38:9-85
74            android:name="com.example.eyetracking.activity.GenderActivity"
74-->src/main/AndroidManifest.xml:38:19-58
75            android:exported="true" />
75-->src/main/AndroidManifest.xml:38:59-82
76        <activity
76-->src/main/AndroidManifest.xml:39:9-90
77            android:name="com.example.eyetracking.activity.InstructionActivity"
77-->src/main/AndroidManifest.xml:39:19-63
78            android:exported="true" />
78-->src/main/AndroidManifest.xml:39:64-87
79        <activity
79-->src/main/AndroidManifest.xml:40:9-171
80            android:name="com.example.eyetracking.activity.CalibrationActivity"
80-->src/main/AndroidManifest.xml:40:19-63
81            android:configChanges="orientation|screenSize"
81-->src/main/AndroidManifest.xml:40:88-134
82            android:exported="true"
82-->src/main/AndroidManifest.xml:40:64-87
83            android:screenOrientation="sensor" />
83-->src/main/AndroidManifest.xml:40:135-169
84        <activity
84-->src/main/AndroidManifest.xml:41:9-179
85            android:name="com.example.eyetracking.activity.CalibrationdirectorActivity"
85-->src/main/AndroidManifest.xml:41:19-71
86            android:configChanges="orientation|screenSize"
86-->src/main/AndroidManifest.xml:41:96-142
87            android:exported="true"
87-->src/main/AndroidManifest.xml:41:72-95
88            android:screenOrientation="sensor" />
88-->src/main/AndroidManifest.xml:41:143-177
89        <activity
89-->src/main/AndroidManifest.xml:42:9-177
90            android:name="com.example.eyetracking.activity.CalibrationreddotActivity"
90-->src/main/AndroidManifest.xml:42:19-69
91            android:configChanges="orientation|screenSize"
91-->src/main/AndroidManifest.xml:42:94-140
92            android:exported="true"
92-->src/main/AndroidManifest.xml:42:70-93
93            android:screenOrientation="sensor" />
93-->src/main/AndroidManifest.xml:42:141-175
94        <activity
94-->src/main/AndroidManifest.xml:43:9-170
95            android:name="com.example.eyetracking.activity.VideoPlayActivity"
95-->src/main/AndroidManifest.xml:43:19-61
96            android:configChanges="orientation|screenSize"
96-->src/main/AndroidManifest.xml:43:86-132
97            android:exported="true"
97-->src/main/AndroidManifest.xml:43:62-85
98            android:screenOrientation="sensor" />
98-->src/main/AndroidManifest.xml:43:133-167
99        <activity
99-->src/main/AndroidManifest.xml:44:9-89
100            android:name="com.example.eyetracking.activity.DataOutputActivity"
100-->src/main/AndroidManifest.xml:44:19-62
101            android:exported="true" />
101-->src/main/AndroidManifest.xml:44:63-86
102        <activity
102-->src/main/AndroidManifest.xml:45:9-75
103            android:name="com.example.eyetracking.activity.Exit"
103-->src/main/AndroidManifest.xml:45:19-48
104            android:exported="true" />
104-->src/main/AndroidManifest.xml:45:49-72
105
106        <provider
106-->[androidx.emoji2:emoji2:1.3.0] AndroidManifest.xml:24:9-32:20
107            android:name="androidx.startup.InitializationProvider"
107-->[androidx.emoji2:emoji2:1.3.0] AndroidManifest.xml:25:13-67
108            android:authorities="com.example.eyetracking.androidx-startup"
108-->[androidx.emoji2:emoji2:1.3.0] AndroidManifest.xml:26:13-68
109            android:exported="false" >
109-->[androidx.emoji2:emoji2:1.3.0] AndroidManifest.xml:27:13-37
110            <meta-data
110-->[androidx.emoji2:emoji2:1.3.0] AndroidManifest.xml:29:13-31:52
111                android:name="androidx.emoji2.text.EmojiCompatInitializer"
111-->[androidx.emoji2:emoji2:1.3.0] AndroidManifest.xml:30:17-75
112                android:value="androidx.startup" />
112-->[androidx.emoji2:emoji2:1.3.0] AndroidManifest.xml:31:17-49
113            <meta-data
113-->[androidx.lifecycle:lifecycle-process:2.6.2] AndroidManifest.xml:29:13-31:52
114                android:name="androidx.lifecycle.ProcessLifecycleInitializer"
114-->[androidx.lifecycle:lifecycle-process:2.6.2] AndroidManifest.xml:30:17-78
115                android:value="androidx.startup" />
115-->[androidx.lifecycle:lifecycle-process:2.6.2] AndroidManifest.xml:31:17-49
116            <meta-data
116-->[androidx.profileinstaller:profileinstaller:1.3.1] AndroidManifest.xml:29:13-31:52
117                android:name="androidx.profileinstaller.ProfileInstallerInitializer"
117-->[androidx.profileinstaller:profileinstaller:1.3.1] AndroidManifest.xml:30:17-85
118                android:value="androidx.startup" />
118-->[androidx.profileinstaller:profileinstaller:1.3.1] AndroidManifest.xml:31:17-49
119        </provider> <!-- Needs to be explicitly declared on P+ -->
120        <uses-library
120-->[com.google.android.gms:play-services-maps:18.0.2] AndroidManifest.xml:39:9-41:40
121            android:name="org.apache.http.legacy"
121-->[com.google.android.gms:play-services-maps:18.0.2] AndroidManifest.xml:40:13-50
122            android:required="false" />
122-->[com.google.android.gms:play-services-maps:18.0.2] AndroidManifest.xml:41:13-37
123
124        <activity
124-->[com.google.android.gms:play-services-base:18.1.0] AndroidManifest.xml:20:9-22:45
125            android:name="com.google.android.gms.common.api.GoogleApiActivity"
125-->[com.google.android.gms:play-services-base:18.1.0] AndroidManifest.xml:20:19-85
126            android:exported="false"
126-->[com.google.android.gms:play-services-base:18.1.0] AndroidManifest.xml:22:19-43
127            android:theme="@android:style/Theme.Translucent.NoTitleBar" />
127-->[com.google.android.gms:play-services-base:18.1.0] AndroidManifest.xml:21:19-78
128
129        <meta-data
129-->[com.google.android.gms:play-services-basement:18.1.0] AndroidManifest.xml:21:9-23:69
130            android:name="com.google.android.gms.version"
130-->[com.google.android.gms:play-services-basement:18.1.0] AndroidManifest.xml:22:13-58
131            android:value="@integer/google_play_services_version" />
131-->[com.google.android.gms:play-services-basement:18.1.0] AndroidManifest.xml:23:13-66
132
133        <uses-library
133-->[androidx.camera:camera-extensions:1.0.0-alpha23] AndroidManifest.xml:31:9-33:40
134            android:name="androidx.camera.extensions.impl"
134-->[androidx.camera:camera-extensions:1.0.0-alpha23] AndroidManifest.xml:32:13-59
135            android:required="false" />
135-->[androidx.camera:camera-extensions:1.0.0-alpha23] AndroidManifest.xml:33:13-37
136
137        <receiver
137-->[androidx.profileinstaller:profileinstaller:1.3.1] AndroidManifest.xml:34:9-52:20
138            android:name="androidx.profileinstaller.ProfileInstallReceiver"
138-->[androidx.profileinstaller:profileinstaller:1.3.1] AndroidManifest.xml:35:13-76
139            android:directBootAware="false"
139-->[androidx.profileinstaller:profileinstaller:1.3.1] AndroidManifest.xml:36:13-44
140            android:enabled="true"
140-->[androidx.profileinstaller:profileinstaller:1.3.1] AndroidManifest.xml:37:13-35
141            android:exported="true"
141-->[androidx.profileinstaller:profileinstaller:1.3.1] AndroidManifest.xml:38:13-36
142            android:permission="android.permission.DUMP" >
142-->[androidx.profileinstaller:profileinstaller:1.3.1] AndroidManifest.xml:39:13-57
143            <intent-filter>
143-->[androidx.profileinstaller:profileinstaller:1.3.1] AndroidManifest.xml:40:13-42:29
144                <action android:name="androidx.profileinstaller.action.INSTALL_PROFILE" />
144-->[androidx.profileinstaller:profileinstaller:1.3.1] AndroidManifest.xml:41:17-91
144-->[androidx.profileinstaller:profileinstaller:1.3.1] AndroidManifest.xml:41:25-88
145            </intent-filter>
146            <intent-filter>
146-->[androidx.profileinstaller:profileinstaller:1.3.1] AndroidManifest.xml:43:13-45:29
147                <action android:name="androidx.profileinstaller.action.SKIP_FILE" />
147-->[androidx.profileinstaller:profileinstaller:1.3.1] AndroidManifest.xml:44:17-85
147-->[androidx.profileinstaller:profileinstaller:1.3.1] AndroidManifest.xml:44:25-82
148            </intent-filter>
149            <intent-filter>
149-->[androidx.profileinstaller:profileinstaller:1.3.1] AndroidManifest.xml:46:13-48:29
150                <action android:name="androidx.profileinstaller.action.SAVE_PROFILE" />
150-->[androidx.profileinstaller:profileinstaller:1.3.1] AndroidManifest.xml:47:17-88
150-->[androidx.profileinstaller:profileinstaller:1.3.1] AndroidManifest.xml:47:25-85
151            </intent-filter>
152            <intent-filter>
152-->[androidx.profileinstaller:profileinstaller:1.3.1] AndroidManifest.xml:49:13-51:29
153                <action android:name="androidx.profileinstaller.action.BENCHMARK_OPERATION" />
153-->[androidx.profileinstaller:profileinstaller:1.3.1] AndroidManifest.xml:50:17-95
153-->[androidx.profileinstaller:profileinstaller:1.3.1] AndroidManifest.xml:50:25-92
154            </intent-filter>
155        </receiver>
156    </application>
157
158</manifest>